This is LuaHBTeX, Version 1.13.2 (TeX Live 2021)  (format=lualatex 2022.3.5)  2 MAY 2022 19:21
 restricted system commands enabled.
**"/Users/lore/My Drive/WorldFish/timor.report/inst/timor_report.tex"
("/Users/lore/My Drive/WorldFish/timor.report/inst/timor_report.tex"
LaTeX2e <2021-11-15> patch level 1
Lua module: luaotfload 2022-02-27 3.20 Lua based OpenType font support
Lua module: lualibs 2021-05-20 2.74 ConTeXt Lua standard libraries.
Lua module: lualibs-extended 2021-05-20 2.74 ConTeXt Lua libraries -- extended collection.
luaotfload | conf : Root cache directory is "/Users/lore/Library/TinyTeX/texmf-var/luatex-cache/generic/names".
luaotfload | init : Loading fontloader "fontloader-2022-02-24.lua" from kpse-resolved path "/Users/lore/Library/TinyTeX/texmf-dist/tex/luatex/luaotfload/fontloader-2022-02-24.lua".
Lua-only attribute luaotfload@noligature = 1
luaotfload | init : Context OpenType loader version 3.119
Inserting `luaotfload.node_processor' at position 1 in `pre_linebreak_filter'.
Inserting `luaotfload.node_processor' at position 1 in `hpack_filter'.
Inserting `luaotfload.glyph_stream' at position 1 in `glyph_stream_provider'.
Inserting `luaotfload.define_font' at position 1 in `define_font'.
Lua-only attribute luaotfload_color_attribute = 2
luaotfload | conf : Root cache directory is "/Users/lore/Library/TinyTeX/texmf-var/luatex-cache/generic/names".
Inserting `luaotfload.harf.strip_prefix' at position 1 in `find_opentype_file'.
Inserting `luaotfload.harf.strip_prefix' at position 1 in `find_truetype_file'.
Removing  `luaotfload.glyph_stream' from `glyph_stream_provider'.
Inserting `luaotfload.harf.glyphstream' at position 1 in `glyph_stream_provider'.
Inserting `luaotfload.harf.finalize_vlist' at position 1 in `post_linebreak_filter'.
Inserting `luaotfload.harf.finalize_hlist' at position 2 in `hpack_filter'.
Inserting `luaotfload.cleanup_files' at position 1 in `wrapup_run'.
Inserting `luaotfload.harf.finalize_unicode' at position 1 in `finish_pdffile'.
Inserting `luaotfload.glyphinfo' at position 1 in `glyph_info'.
Lua-only attribute luaotfload.letterspace_done = 3
Inserting `luaotfload.aux.set_sscale_dimens' at position 1 in `luaotfload.patch_font'.
Inserting `luaotfload.aux.set_font_index' at position 2 in `luaotfload.patch_font'.
Inserting `luaotfload.aux.patch_cambria_domh' at position 3 in `luaotfload.patch_font'.
Inserting `luaotfload.aux.fixup_fontdata' at position 1 in `luaotfload.patch_font_unsafe'.
Inserting `luaotfload.aux.set_capheight' at position 4 in `luaotfload.patch_font'.
Inserting `luaotfload.aux.set_xheight' at position 5 in `luaotfload.patch_font'.
Inserting `luaotfload.rewrite_fontname' at position 6 in `luaotfload.patch_font'. L3 programming layer <2022-02-24>
Inserting `tracingstacklevels' at position 1 in `input_level_string'. (/Users/lore/Library/TinyTeX/texmf-dist/tex/latex/base/article.cls
Document Class: article 2021/10/04 v1.4n Standard LaTeX document class
(/Users/lore/Library/TinyTeX/texmf-dist/tex/latex/base/size10.clo
File: size10.clo 2021/10/04 v1.4n Standard LaTeX file (size option)
luaotfload | db : Font names database loaded from /Users/lore/Library/TinyTeX/texmf-var/luatex-cache/generic/names/luaotfload-names.luc.gz)
\c@part=\count183
\c@section=\count184
\c@subsection=\count185
\c@subsubsection=\count186
\c@paragraph=\count187
\c@subparagraph=\count188
\c@figure=\count189
\c@table=\count190
\abovecaptionskip=\skip47
\belowcaptionskip=\skip48
\bibindent=\dimen137
) (/Users/lore/Library/TinyTeX/texmf-dist/tex/latex/amsmath/amsmath.sty
Package: amsmath 2021/10/15 v2.17l AMS math features
\@mathmargin=\skip49
For additional information on amsmath, use the `?' option.
(/Users/lore/Library/TinyTeX/texmf-dist/tex/latex/amsmath/amstext.sty
Package: amstext 2021/08/26 v2.01 AMS text
(/Users/lore/Library/TinyTeX/texmf-dist/tex/latex/amsmath/amsgen.sty
File: amsgen.sty 1999/11/30 v2.0 generic functions
\@emptytoks=\toks16
\ex@=\dimen138
)) (/Users/lore/Library/TinyTeX/texmf-dist/tex/latex/amsmath/amsbsy.sty
Package: amsbsy 1999/11/29 v1.2d Bold Symbols
\pmbraise@=\dimen139
) (/Users/lore/Library/TinyTeX/texmf-dist/tex/latex/amsmath/amsopn.sty
Package: amsopn 2021/08/26 v2.02 operator names
)
\inf@bad=\count191
LaTeX Info: Redefining \frac on input line 236.
\uproot@=\count192
\leftroot@=\count193
LaTeX Info: Redefining \overline on input line 399.
\classnum@=\count194
\DOTSCASE@=\count195
LaTeX Info: Redefining \ldots on input line 496.
LaTeX Info: Redefining \dots on input line 499.
LaTeX Info: Redefining \cdots on input line 620.
\Mathstrutbox@=\box50
\strutbox@=\box51
\big@size=\dimen140
LaTeX Font Info:    Redeclaring font encoding OML on input line 743.
LaTeX Font Info:    Redeclaring font encoding OMS on input line 744.
\macc@depth=\count196
\c@MaxMatrixCols=\count197
\dotsspace@=\muskip16
\c@parentequation=\count198
\dspbrk@lvl=\count199
\tag@help=\toks17
\row@=\count266
\column@=\count267
\maxfields@=\count268
\andhelp@=\toks18
\eqnshift@=\dimen141
\alignsep@=\dimen142
\tagshift@=\dimen143
\tagwidth@=\dimen144
\totwidth@=\dimen145
\lineht@=\dimen146
\@envbody=\toks19
\multlinegap=\skip50
\multlinetaggap=\skip51
\mathdisplay@stack=\toks20
LaTeX Info: Redefining \[ on input line 2938.
LaTeX Info: Redefining \] on input line 2939.
) (/Users/lore/Library/TinyTeX/texmf-dist/tex/latex/amsfonts/amssymb.sty
Package: amssymb 2013/01/14 v3.01 AMS font symbols
(/Users/lore/Library/TinyTeX/texmf-dist/tex/latex/amsfonts/amsfonts.sty
Package: amsfonts 2013/01/14 v3.01 Basic AMSFonts support
\symAMSa=\mathgroup4
\symAMSb=\mathgroup5
LaTeX Font Info:    Redeclaring math symbol \hbar on input line 98.
LaTeX Font Info:    Overwriting math alphabet `\mathfrak' in version `bold'
(Font)                  U/euf/m/n --> U/euf/b/n on input line 106.
)) (/Users/lore/Library/TinyTeX/texmf-dist/tex/latex/lm/lmodern.sty
Package: lmodern 2015/05/01 v1.6.1 Latin Modern Fonts
LaTeX Font Info:    Overwriting symbol font `operators' in version `normal'
(Font)                  OT1/cmr/m/n --> OT1/lmr/m/n on input line 22.
LaTeX Font Info:    Overwriting symbol font `letters' in version `normal'
(Font)                  OML/cmm/m/it --> OML/lmm/m/it on input line 23.
LaTeX Font Info:    Overwriting symbol font `symbols' in version `normal'
(Font)                  OMS/cmsy/m/n --> OMS/lmsy/m/n on input line 24.
LaTeX Font Info:    Overwriting symbol font `largesymbols' in version `normal'
(Font)                  OMX/cmex/m/n --> OMX/lmex/m/n on input line 25.
LaTeX Font Info:    Overwriting symbol font `operators' in version `bold'
(Font)                  OT1/cmr/bx/n --> OT1/lmr/bx/n on input line 26.
LaTeX Font Info:    Overwriting symbol font `letters' in version `bold'
(Font)                  OML/cmm/b/it --> OML/lmm/b/it on input line 27.
LaTeX Font Info:    Overwriting symbol font `symbols' in version `bold'
(Font)                  OMS/cmsy/b/n --> OMS/lmsy/b/n on input line 28.
LaTeX Font Info:    Overwriting symbol font `largesymbols' in version `bold'
(Font)                  OMX/cmex/m/n --> OMX/lmex/m/n on input line 29.
LaTeX Font Info:    Overwriting math alphabet `\mathbf' in version `normal'
(Font)                  OT1/cmr/bx/n --> OT1/lmr/bx/n on input line 31.
LaTeX Font Info:    Overwriting math alphabet `\mathsf' in version `normal'
(Font)                  OT1/cmss/m/n --> OT1/lmss/m/n on input line 32.
LaTeX Font Info:    Overwriting math alphabet `\mathit' in version `normal'
(Font)                  OT1/cmr/m/it --> OT1/lmr/m/it on input line 33.
LaTeX Font Info:    Overwriting math alphabet `\mathtt' in version `normal'
(Font)                  OT1/cmtt/m/n --> OT1/lmtt/m/n on input line 34.
LaTeX Font Info:    Overwriting math alphabet `\mathbf' in version `bold'
(Font)                  OT1/cmr/bx/n --> OT1/lmr/bx/n on input line 35.
LaTeX Font Info:    Overwriting math alphabet `\mathsf' in version `bold'
(Font)                  OT1/cmss/bx/n --> OT1/lmss/bx/n on input line 36.
LaTeX Font Info:    Overwriting math alphabet `\mathit' in version `bold'
(Font)                  OT1/cmr/bx/it --> OT1/lmr/bx/it on input line 37.
LaTeX Font Info:    Overwriting math alphabet `\mathtt' in version `bold'
(Font)                  OT1/cmtt/m/n --> OT1/lmtt/m/n on input line 38.
) (/Users/lore/Library/TinyTeX/texmf-dist/tex/generic/iftex/iftex.sty
Package: iftex 2022/02/03 v1.0f TeX engine tests
) (/Users/lore/Library/TinyTeX/texmf-dist/tex/latex/unicode-math/unicode-math.sty (/Users/lore/Library/TinyTeX/texmf-dist/tex/latex/l3kernel/expl3.sty
Package: expl3 2022-02-24 L3 programming layer (loader) 
(/Users/lore/Library/TinyTeX/texmf-dist/tex/latex/l3backend/l3backend-luatex.def
File: l3backend-luatex.def 2022-02-07 L3 backend support: PDF output (LuaTeX)
\l__color_backend_stack_int=\count269
\l__pdf_internal_box=\box52
))
Package: unicode-math 2020/01/31 v0.8q Unicode maths in XeLaTeX and LuaLaTeX
(/Users/lore/Library/TinyTeX/texmf-dist/tex/latex/unicode-math/unicode-math-luatex.sty
Package: unicode-math-luatex 2020/01/31 v0.8q Unicode maths in XeLaTeX and LuaLaTeX
(/Users/lore/Library/TinyTeX/texmf-dist/tex/latex/l3packages/xparse/xparse.sty
Package: xparse 2022-01-12 L3 Experimental document command parser
) (/Users/lore/Library/TinyTeX/texmf-dist/tex/latex/l3packages/l3keys2e/l3keys2e.sty
Package: l3keys2e 2022-01-12 LaTeX2e option processing using LaTeX3 keys
) (/Users/lore/Library/TinyTeX/texmf-dist/tex/latex/fontspec/fontspec.sty
Package: fontspec 2022/01/15 v2.8a Font selection for XeLaTeX and LuaLaTeX
Lua module: fontspec 2022/01/15 2.8a Font selection for XeLaTeX and LuaLaTeX (/Users/lore/Library/TinyTeX/texmf-dist/tex/latex/fontspec/fontspec-luatex.sty
Package: fontspec-luatex 2022/01/15 v2.8a Font selection for XeLaTeX and LuaLaTeX
\l__fontspec_script_int=\count270
\l__fontspec_language_int=\count271
\l__fontspec_strnum_int=\count272
\l__fontspec_tmp_int=\count273
\l__fontspec_tmpa_int=\count274
\l__fontspec_tmpb_int=\count275
\l__fontspec_tmpc_int=\count276
\l__fontspec_em_int=\count277
\l__fontspec_emdef_int=\count278
\l__fontspec_strong_int=\count279
\l__fontspec_strongdef_int=\count280
\l__fontspec_tmpa_dim=\dimen147
\l__fontspec_tmpb_dim=\dimen148
\l__fontspec_tmpc_dim=\dimen149
(/Users/lore/Library/TinyTeX/texmf-dist/tex/latex/base/fontenc.sty
Package: fontenc 2021/04/29 v2.0v Standard LaTeX package
) (/Users/lore/Library/TinyTeX/texmf-dist/tex/latex/fontspec/fontspec.cfg))) (/Users/lore/Library/TinyTeX/texmf-dist/tex/latex/base/fix-cm.sty
Package: fix-cm 2020/11/24 v1.1t fixes to LaTeX
(/Users/lore/Library/TinyTeX/texmf-dist/tex/latex/base/ts1enc.def
File: ts1enc.def 2001/06/05 v3.0e (jk/car/fm) Standard LaTeX file
LaTeX Font Info:    Redeclaring font encoding TS1 on input line 47.
)) (/Users/lore/Library/TinyTeX/texmf-dist/tex/lualatex/lualatex-math/lualatex-math.sty
Package: lualatex-math 2022/01/01 v1.12 Patches for mathematics typesetting with LuaLaTeX
(/Users/lore/Library/TinyTeX/texmf-dist/tex/latex/etoolbox/etoolbox.sty
Package: etoolbox 2020/10/05 v2.5k e-TeX tools for LaTeX (JAW)
\etb@tempcnta=\count281
)
Lua module: lualatex-math 2013/08/03 1.3 Patches for mathematics typesetting with LuaLaTeX)
\g__um_fam_int=\count282
\g__um_fonts_used_int=\count283
\l__um_primecount_int=\count284
\g__um_primekern_muskip=\muskip17
(/Users/lore/Library/TinyTeX/texmf-dist/tex/latex/unicode-math/unicode-math-table.tex)))
luaotfload | cache : Lookup cache loaded from /Users/lore/Library/TinyTeX/texmf-var/luatex-cache/generic/names/luaotfload-lookup-cache.luc.

Package fontspec Info: Montserrat scale = 0.8209495298853415.


Package fontspec Info: Montserrat scale = 0.8209495298853415.


Package fontspec Info: Montserrat scale = 0.8209495298853415.


Package fontspec Info: Montserrat/B scale = 0.8011117886467094.


Package fontspec Info: Montserrat/B scale = 0.8011117886467094.


Package fontspec Info: Montserrat/I scale = 0.8209495298853415.


Package fontspec Info: Montserrat/I scale = 0.8209495298853415.


Package fontspec Info: Montserrat/BI scale = 0.8011117886467094.


Package fontspec Info: Montserrat/BI scale = 0.8011117886467094.


Package fontspec Info: Font family 'Montserrat(0)' created for font
(fontspec)             'Montserrat' with options
(fontspec)             [Scale=MatchLowercase,Ligatures=TeX,Scale=1].
(fontspec)              
(fontspec)              This font family consists of the following NFSS
(fontspec)             series/shapes:
(fontspec)              
(fontspec)             - 'normal' (m/n) with NFSS spec.:
(fontspec)             <->s*[1]"Montserrat:mode=node;script=latn;language=dflt;+tlig;"
(fontspec)             - 'small caps'  (m/sc) with NFSS spec.:
(fontspec)             <->s*[1]"Montserrat:mode=node;script=latn;language=dflt;+tlig;+smcp;"
(fontspec)             - 'bold' (b/n) with NFSS spec.:
(fontspec)             <->s*[1]"Montserrat/B:mode=node;script=latn;language=dflt;+tlig;"
(fontspec)             - 'bold small caps'  (b/sc) with NFSS spec.:
(fontspec)             <->s*[1]"Montserrat/B:mode=node;script=latn;language=dflt;+tlig;+smcp;"
(fontspec)             - 'italic' (m/it) with NFSS spec.:
(fontspec)             <->s*[1]"Montserrat/I:mode=node;script=latn;language=dflt;+tlig;"
(fontspec)             - 'italic small caps'  (m/scit) with NFSS spec.:
(fontspec)             <->s*[1]"Montserrat/I:mode=node;script=latn;language=dflt;+tlig;+smcp;"
(fontspec)             - 'bold italic' (b/it) with NFSS spec.:
(fontspec)             <->s*[1]"Montserrat/BI:mode=node;script=latn;language=dflt;+tlig;"
(fontspec)             - 'bold italic small caps'  (b/scit) with NFSS spec.:
(fontspec)             <->s*[1]"Montserrat/BI:mode=node;script=latn;language=dflt;+tlig;+smcp;"

LaTeX Font Info:    Font shape `TU/Montserrat(0)/m/n' will be
(Font)              scaled to size 10.0pt on input line 20.

Package fontspec Info: Montserrat scale = 0.9999970935724355.


Package fontspec Info: Montserrat scale = 0.9999970935724355.


Package fontspec Info: Montserrat scale = 0.9999970935724355.


Package fontspec Info: Montserrat/B scale = 0.9758327779117093.


Package fontspec Info: Montserrat/B scale = 0.9758327779117093.


Package fontspec Info: Montserrat/I scale = 0.9999970935724355.


Package fontspec Info: Montserrat/I scale = 0.9999970935724355.


Package fontspec Info: Montserrat/BI scale = 0.9758327779117093.


Package fontspec Info: Montserrat/BI scale = 0.9758327779117093.


Package fontspec Info: Font family 'Montserrat(1)' created for font
(fontspec)             'Montserrat' with options
(fontspec)             [Scale=MatchLowercase,Renderer=Basic].
(fontspec)              
(fontspec)              This font family consists of the following NFSS
(fontspec)             series/shapes:
(fontspec)              
(fontspec)             - 'normal' (m/n) with NFSS spec.:
(fontspec)             <->s*[0.9999970935724355]"Montserrat:mode=base;script=latn;language=dflt;"
(fontspec)             - 'small caps'  (m/sc) with NFSS spec.:
(fontspec)             <->s*[0.9999970935724355]"Montserrat:mode=base;script=latn;language=dflt;+smcp;"
(fontspec)             - 'bold' (b/n) with NFSS spec.:
(fontspec)             <->s*[0.9758327779117093]"Montserrat/B:mode=base;script=latn;language=dflt;"
(fontspec)             - 'bold small caps'  (b/sc) with NFSS spec.:
(fontspec)             <->s*[0.9758327779117093]"Montserrat/B:mode=base;script=latn;language=dflt;+smcp;"
(fontspec)             - 'italic' (m/it) with NFSS spec.:
(fontspec)             <->s*[0.9999970935724355]"Montserrat/I:mode=base;script=latn;language=dflt;"
(fontspec)             - 'italic small caps'  (m/scit) with NFSS spec.:
(fontspec)             <->s*[0.9999970935724355]"Montserrat/I:mode=base;script=latn;language=dflt;+smcp;"
(fontspec)             - 'bold italic' (b/it) with NFSS spec.:
(fontspec)             <->s*[0.9758327779117093]"Montserrat/BI:mode=base;script=latn;language=dflt;"
(fontspec)             - 'bold italic small caps'  (b/scit) with NFSS spec.:
(fontspec)             <->s*[0.9758327779117093]"Montserrat/BI:mode=base;script=latn;language=dflt;+smcp;"

LaTeX Font Info:    Overwriting math alphabet `\mathrm' in version `normal'
(Font)                  OT1/lmr/m/n --> TU/Montserrat(1)/m/n on input line 20.
LaTeX Font Info:    Overwriting math alphabet `\mathit' in version `normal'
(Font)                  OT1/lmr/m/it --> TU/Montserrat(1)/m/it on input line 20.
LaTeX Font Info:    Overwriting math alphabet `\mathbf' in version `normal'
(Font)                  OT1/lmr/bx/n --> TU/Montserrat(1)/b/n on input line 20.
(/Users/lore/Library/TinyTeX/texmf-dist/tex/latex/xcolor/xcolor.sty
Package: xcolor 2021/10/31 v2.13 LaTeX color extensions (UK)
(/Users/lore/Library/TinyTeX/texmf-dist/tex/latex/graphics-cfg/color.cfg
File: color.cfg 2016/01/02 v1.6 sample color configuration
)
Package xcolor Info: Driver file: luatex.def on input line 227.
(/Users/lore/Library/TinyTeX/texmf-dist/tex/latex/graphics-def/luatex.def
File: luatex.def 2021/06/01 v1.2c Graphics/color driver for luatex
)
Package xcolor Info: Model `cmy' substituted by `cmy0' on input line 1352.
Package xcolor Info: Model `hsb' substituted by `rgb' on input line 1356.
Package xcolor Info: Model `RGB' extended on input line 1368.
Package xcolor Info: Model `HTML' substituted by `rgb' on input line 1370.
Package xcolor Info: Model `Hsb' substituted by `hsb' on input line 1371.
Package xcolor Info: Model `tHsb' substituted by `hsb' on input line 1372.
Package xcolor Info: Model `HSB' substituted by `hsb' on input line 1373.
Package xcolor Info: Model `Gray' substituted by `gray' on input line 1374.
Package xcolor Info: Model `wave' substituted by `hsb' on input line 1375.
(/Users/lore/Library/TinyTeX/texmf-dist/tex/latex/graphics/dvipsnam.def
File: dvipsnam.def 2016/06/17 v3.0m Driver-dependent file (DPC,SPQR)
) (/Users/lore/Library/TinyTeX/texmf-dist/tex/latex/xcolor/svgnam.def
File: svgnam.def 2021/10/31 v2.13 Predefined colors according to SVG 1.1 (UK)
) (/Users/lore/Library/TinyTeX/texmf-dist/tex/latex/xcolor/x11nam.def
File: x11nam.def 2021/10/31 v2.13 Predefined colors according to Unix/X11 (UK)
)) (/Users/lore/Library/TinyTeX/texmf-dist/tex/latex/hyperref/hyperref.sty
Package: hyperref 2022-02-21 v7.00n Hypertext links for LaTeX
(/Users/lore/Library/TinyTeX/texmf-dist/tex/generic/ltxcmds/ltxcmds.sty
Package: ltxcmds 2020-05-10 v1.25 LaTeX kernel commands for general use (HO)
) (/Users/lore/Library/TinyTeX/texmf-dist/tex/generic/pdftexcmds/pdftexcmds.sty
Package: pdftexcmds 2020-06-27 v0.33 Utility functions of pdfTeX for LuaTeX (HO)
(/Users/lore/Library/TinyTeX/texmf-dist/tex/generic/infwarerr/infwarerr.sty
Package: infwarerr 2019/12/03 v1.5 Providing info/warning/error messages (HO)
)
Package pdftexcmds Info: \pdf@primitive is available.
Package pdftexcmds Info: \pdf@ifprimitive is available.
Package pdftexcmds Info: \pdfdraftmode found.
\pdftexcmds@toks=\toks21
) (/Users/lore/Library/TinyTeX/texmf-dist/tex/latex/graphics/keyval.sty
Package: keyval 2014/10/28 v1.15 key=value parser (DPC)
\KV@toks@=\toks22
) (/Users/lore/Library/TinyTeX/texmf-dist/tex/generic/kvsetkeys/kvsetkeys.sty
Package: kvsetkeys 2019/12/15 v1.18 Key value parser (HO)
) (/Users/lore/Library/TinyTeX/texmf-dist/tex/generic/kvdefinekeys/kvdefinekeys.sty
Package: kvdefinekeys 2019-12-19 v1.6 Define keys (HO)
) (/Users/lore/Library/TinyTeX/texmf-dist/tex/generic/pdfescape/pdfescape.sty
Package: pdfescape 2019/12/09 v1.15 Implements pdfTeX's escape features (HO)
) (/Users/lore/Library/TinyTeX/texmf-dist/tex/latex/hycolor/hycolor.sty
Package: hycolor 2020-01-27 v1.10 Color options for hyperref/bookmark (HO)
) (/Users/lore/Library/TinyTeX/texmf-dist/tex/latex/letltxmacro/letltxmacro.sty
Package: letltxmacro 2019/12/03 v1.6 Let assignment for LaTeX macros (HO)
) (/Users/lore/Library/TinyTeX/texmf-dist/tex/latex/auxhook/auxhook.sty
Package: auxhook 2019-12-17 v1.6 Hooks for auxiliary files (HO)
) (/Users/lore/Library/TinyTeX/texmf-dist/tex/latex/kvoptions/kvoptions.sty
Package: kvoptions 2020-10-07 v3.14 Key value format for package options (HO)
)
\@linkdim=\dimen150
\Hy@linkcounter=\count285
\Hy@pagecounter=\count286
(/Users/lore/Library/TinyTeX/texmf-dist/tex/latex/hyperref/pd1enc.def
File: pd1enc.def 2022-02-21 v7.00n Hyperref: PDFDocEncoding definition (HO)
) (/Users/lore/Library/TinyTeX/texmf-dist/tex/generic/intcalc/intcalc.sty
Package: intcalc 2019/12/15 v1.3 Expandable calculations with integers (HO)
) (/Users/lore/Library/TinyTeX/texmf-dist/tex/generic/etexcmds/etexcmds.sty
Package: etexcmds 2019/12/15 v1.7 Avoid name clashes with e-TeX commands (HO)
)
\Hy@SavedSpaceFactor=\count287
(/Users/lore/Library/TinyTeX/texmf-dist/tex/latex/hyperref/puenc.def
File: puenc.def 2022-02-21 v7.00n Hyperref: PDF Unicode definition (HO)
)
Package hyperref Info: Option `unicode' set `true' on input line 4018.
Package hyperref Info: Hyper figures OFF on input line 4137.
Package hyperref Info: Link nesting OFF on input line 4142.
Package hyperref Info: Hyper index ON on input line 4145.
Package hyperref Info: Plain pages OFF on input line 4152.
Package hyperref Info: Backreferencing OFF on input line 4157.
Package hyperref Info: Implicit mode ON; LaTeX internals redefined.
Package hyperref Info: Bookmarks ON on input line 4390.
\c@Hy@tempcnt=\count288
(/Users/lore/Library/TinyTeX/texmf-dist/tex/latex/url/url.sty
\Urlmuskip=\muskip18
Package: url 2013/09/16  ver 3.4  Verb mode for urls, etc.
)
LaTeX Info: Redefining \url on input line 4749.
\XeTeXLinkMargin=\dimen151
(/Users/lore/Library/TinyTeX/texmf-dist/tex/generic/bitset/bitset.sty
Package: bitset 2019/12/09 v1.3 Handle bit-vector datatype (HO)
(/Users/lore/Library/TinyTeX/texmf-dist/tex/generic/bigintcalc/bigintcalc.sty
Package: bigintcalc 2019/12/15 v1.5 Expandable calculations on big integers (HO)
))
\Fld@menulength=\count289
\Field@Width=\dimen152
\Fld@charsize=\dimen153
Package hyperref Info: Hyper figures OFF on input line 6027.
Package hyperref Info: Link nesting OFF on input line 6032.
Package hyperref Info: Hyper index ON on input line 6035.
Package hyperref Info: backreferencing OFF on input line 6042.
Package hyperref Info: Link coloring OFF on input line 6047.
Package hyperref Info: Link coloring with OCG OFF on input line 6052.
Package hyperref Info: PDF/A mode OFF on input line 6057.
LaTeX Info: Redefining \ref on input line 6097.
LaTeX Info: Redefining \pageref on input line 6101.
(/Users/lore/Library/TinyTeX/texmf-dist/tex/latex/base/atbegshi-ltx.sty
Package: atbegshi-ltx 2021/01/10 v1.0c Emulation of the original atbegshi
package with kernel methods
)
\Hy@abspage=\count290
\c@Item=\count291
\c@Hfootnote=\count292
)
Package hyperref Info: Driver (autodetected): hluatex.
(/Users/lore/Library/TinyTeX/texmf-dist/tex/latex/hyperref/hluatex.def
File: hluatex.def 2022-02-21 v7.00n Hyperref driver for luaTeX
(/Users/lore/Library/TinyTeX/texmf-dist/tex/generic/stringenc/stringenc.sty
Package: stringenc 2019/11/29 v1.12 Convert strings between diff. encodings (HO)
) (/Users/lore/Library/TinyTeX/texmf-dist/tex/latex/base/atveryend-ltx.sty
Package: atveryend-ltx 2020/08/19 v1.0a Emulation of the original atveryend package
with kernel methods
)
\Fld@listcount=\count293
\c@bookmark@seq@number=\count294
(/Users/lore/Library/TinyTeX/texmf-dist/tex/latex/rerunfilecheck/rerunfilecheck.sty
Package: rerunfilecheck 2019/12/05 v1.9 Rerun checks for auxiliary files (HO)
(/Users/lore/Library/TinyTeX/texmf-dist/tex/generic/uniquecounter/uniquecounter.sty
Package: uniquecounter 2019/12/15 v1.4 Provide unlimited unique counter (HO)
)
Package uniquecounter Info: New unique counter `rerunfilecheck' on input line 286.
)
\Hy@SectionHShift=\skip52
)
Package hyperref Info: Option `colorlinks' set `true' on input line 47.
(/Users/lore/Library/TinyTeX/texmf-dist/tex/latex/geometry/geometry.sty
Package: geometry 2020/01/02 v5.9 Page Geometry
(/Users/lore/Library/TinyTeX/texmf-dist/tex/generic/iftex/ifvtex.sty
Package: ifvtex 2019/10/25 v1.7 ifvtex legacy package. Use iftex instead.
)
\Gm@cnth=\count295
\Gm@cntv=\count296
\c@Gm@tempcnt=\count297
\Gm@bindingoffset=\dimen154
\Gm@wd@mp=\dimen155
\Gm@odd@mp=\dimen156
\Gm@even@mp=\dimen157
\Gm@layoutwidth=\dimen158
\Gm@layoutheight=\dimen159
\Gm@layouthoffset=\dimen160
\Gm@layoutvoffset=\dimen161
\Gm@dimlist=\toks23
) (/Users/lore/Library/TinyTeX/texmf-dist/tex/latex/tools/longtable.sty
Package: longtable 2021-09-01 v4.17 Multi-page Table package (DPC)
\LTleft=\skip53
\LTright=\skip54
\LTpre=\skip55
\LTpost=\skip56
\LTchunksize=\count298
\LTcapwidth=\dimen162
\LT@head=\box53
\LT@firsthead=\box54
\LT@foot=\box55
\LT@lastfoot=\box56
\LT@gbox=\box57
\LT@cols=\count299
\LT@rows=\count300
\c@LT@tables=\count301
\c@LT@chunks=\count302
\LT@p@ftn=\toks24
) (/Users/lore/Library/TinyTeX/texmf-dist/tex/latex/booktabs/booktabs.sty
Package: booktabs 2020/01/12 v1.61803398 Publication quality tables
\heavyrulewidth=\dimen163
\lightrulewidth=\dimen164
\cmidrulewidth=\dimen165
\belowrulesep=\dimen166
\belowbottomsep=\dimen167
\aboverulesep=\dimen168
\abovetopsep=\dimen169
\cmidrulesep=\dimen170
\cmidrulekern=\dimen171
\defaultaddspace=\dimen172
\@cmidla=\count303
\@cmidlb=\count304
\@aboverulesep=\dimen173
\@belowrulesep=\dimen174
\@thisruleclass=\count305
\@lastruleclass=\count306
\@thisrulewidth=\dimen175
) (/Users/lore/Library/TinyTeX/texmf-dist/tex/latex/tools/array.sty
Package: array 2021/10/04 v2.5f Tabular extension package (FMi)
\col@sep=\dimen176
\ar@mcellbox=\box58
\extrarowheight=\dimen177
\NC@list=\toks25
\extratabsurround=\skip57
\backup@length=\skip58
\ar@cellbox=\box59
) (/Users/lore/Library/TinyTeX/texmf-dist/tex/latex/tools/calc.sty
Package: calc 2017/05/25 v4.3 Infix arithmetic (KKT,FJ)
\calc@Acount=\count307
\calc@Bcount=\count308
\calc@Adimen=\dimen178
\calc@Bdimen=\dimen179
\calc@Askip=\skip59
\calc@Bskip=\skip60
LaTeX Info: Redefining \setlength on input line 80.
LaTeX Info: Redefining \addtolength on input line 81.
\calc@Ccount=\count309
\calc@Cskip=\skip61
) (/Users/lore/Library/TinyTeX/texmf-dist/tex/latex/mdwtools/footnote.sty
Package: footnote 1997/01/28 1.13 Save footnotes around boxes
\fn@notes=\box60
\fn@width=\dimen180
) (/Users/lore/Library/TinyTeX/texmf-dist/tex/latex/graphics/graphicx.sty
Package: graphicx 2021/09/16 v1.2d Enhanced LaTeX Graphics (DPC,SPQR)
(/Users/lore/Library/TinyTeX/texmf-dist/tex/latex/graphics/graphics.sty
Package: graphics 2021/03/04 v1.4d Standard LaTeX Graphics (DPC,SPQR)
(/Users/lore/Library/TinyTeX/texmf-dist/tex/latex/graphics/trig.sty
Package: trig 2021/08/11 v1.11 sin cos tan (DPC)
) (/Users/lore/Library/TinyTeX/texmf-dist/tex/latex/graphics-cfg/graphics.cfg
File: graphics.cfg 2016/06/04 v1.11 sample graphics configuration
)
Package graphics Info: Driver file: luatex.def on input line 107.
)
\Gin@req@height=\dimen181
\Gin@req@width=\dimen182
) (/Users/lore/Library/TinyTeX/texmf-dist/tex/latex/float/float.sty
Package: float 2001/11/08 v1.3d Float enhancements (AL)
\c@float@type=\count310
\float@exts=\toks26
\float@box=\box61
\@float@everytoks=\toks27
\@floatcapt=\box62
) (/Users/lore/Library/TinyTeX/texmf-dist/tex/latex/leading/leading.sty
Package: leading 2008/12/11 v0.3 Define leading length
) (/Users/lore/Library/TinyTeX/texmf-dist/tex/latex/chngcntr/chngcntr.sty
Package: chngcntr 2018/04/09 v1.1a change counter resetting
) (/Users/lore/Library/TinyTeX/texmf-dist/tex/latex/caption/caption.sty
Package: caption 2022/02/28 v3.6a Customizing captions (AR)
(/Users/lore/Library/TinyTeX/texmf-dist/tex/latex/caption/caption3.sty
Package: caption3 2022/02/28 v2.3a caption3 kernel (AR)
\caption@tempdima=\dimen183
\captionmargin=\dimen184
\caption@leftmargin=\dimen185
\caption@rightmargin=\dimen186
\caption@width=\dimen187
\caption@indent=\dimen188
\caption@parindent=\dimen189
\caption@hangindent=\dimen190
Package caption Info: Standard document class detected.
)
\c@caption@flags=\count311
\c@continuedfloat=\count312
Package caption Info: float package is loaded.
Package caption Info: hyperref package is loaded.
Package caption Info: longtable package is loaded.
(/Users/lore/Library/TinyTeX/texmf-dist/tex/latex/caption/ltcaption.sty
Package: ltcaption 2021/01/08 v1.4c longtable captions (AR)
)) (/Users/lore/Library/TinyTeX/texmf-dist/tex/lualatex/selnolig/selnolig.sty
=== Package selnolig, Version 0.302, Date 2015/10/26 ===
Package: selnolig 2015/10/26
(/Users/lore/Library/TinyTeX/texmf-dist/tex/generic/iftex/ifluatex.sty
Package: ifluatex 2019/10/25 v1.5 ifluatex legacy package. Use iftex instead.
) (/Users/lore/Library/TinyTeX/texmf-dist/tex/luatex/luatexbase/luatexbase.sty
Package: luatexbase 2015/10/04 v1.3 luatexbase interface to LuaTeX 
(/Users/lore/Library/TinyTeX/texmf-dist/tex/luatex/ctablestack/ctablestack.sty
Package: ctablestack 2015/10/01 v1.0 Catcode table stable support
\@catcodetablestackcnt=\count313
)
\CatcodeTableOther=\catcodetable12
\CatcodeTableExpl=\catcodetable13
)
Inserting `Suppress ligatures selectively' at position 1 in `ligaturing'.) (./timor_report.aux)
\openout1 = timor_report.aux

LaTeX Font Info:    Checking defaults for OML/cmm/m/it on input line 102.
LaTeX Font Info:    ... okay on input line 102.
LaTeX Font Info:    Checking defaults for OMS/cmsy/m/n on input line 102.
LaTeX Font Info:    ... okay on input line 102.
LaTeX Font Info:    Checking defaults for OT1/cmr/m/n on input line 102.
LaTeX Font Info:    ... okay on input line 102.
LaTeX Font Info:    Checking defaults for T1/cmr/m/n on input line 102.
LaTeX Font Info:    ... okay on input line 102.
LaTeX Font Info:    Checking defaults for TS1/cmr/m/n on input line 102.
LaTeX Font Info:    ... okay on input line 102.
LaTeX Font Info:    Checking defaults for TU/lmr/m/n on input line 102.
LaTeX Font Info:    ... okay on input line 102.
LaTeX Font Info:    Checking defaults for OMX/cmex/m/n on input line 102.
LaTeX Font Info:    ... okay on input line 102.
LaTeX Font Info:    Checking defaults for U/cmr/m/n on input line 102.
LaTeX Font Info:    ... okay on input line 102.
LaTeX Font Info:    Checking defaults for PD1/pdf/m/n on input line 102.
LaTeX Font Info:    ... okay on input line 102.
LaTeX Font Info:    Checking defaults for PU/pdf/m/n on input line 102.
LaTeX Font Info:    ... okay on input line 102.
LaTeX Font Info:    Overwriting math alphabet `\mathsf' in version `normal'
(Font)                  OT1/lmss/m/n --> TU/lmss/m/n on input line 102.
LaTeX Font Info:    Overwriting math alphabet `\mathsf' in version `bold'
(Font)                  OT1/lmss/bx/n --> TU/lmss/b/n on input line 102.
LaTeX Font Info:    Overwriting math alphabet `\mathtt' in version `normal'
(Font)                  OT1/lmtt/m/n --> TU/lmtt/m/n on input line 102.
LaTeX Font Info:    Overwriting math alphabet `\mathtt' in version `bold'
(Font)                  OT1/lmtt/m/n --> TU/lmtt/b/n on input line 102.

Package fontspec Info: latinmodern-math scale = 1.21809382534226.


Package fontspec Info: latinmodern-math scale = 1.21809382534226.


Package fontspec Info: latinmodern-math scale = 1.21809382534226.


Package fontspec Info: Font family 'latinmodern-math.otf(0)' created for font
(fontspec)             'latinmodern-math.otf' with options
(fontspec)             [Scale=MatchLowercase,Renderer=Basic,BoldItalicFont={},ItalicFont={},SmallCapsFont={},Script=Math,FontAdjustment={\__um_luatex_copy_fontdimens:
(fontspec)             },BoldFont={latinmodern-math.otf}].
(fontspec)              
(fontspec)              This font family consists of the following NFSS
(fontspec)             series/shapes:
(fontspec)              
(fontspec)             - 'normal' (m/n) with NFSS spec.:
(fontspec)             <->s*[1.21809382534226]"[latinmodern-math.otf]:mode=base;script=math;language=dflt;"
(fontspec)             - 'small caps'  (m/sc) with NFSS spec.: 
(fontspec)             and font adjustment code:
(fontspec)             \__um_luatex_copy_fontdimens: 
(fontspec)             - 'bold' (b/n) with NFSS spec.:
(fontspec)             <->s*[1.21809382534226]"[latinmodern-math.otf]:mode=base;script=math;language=dflt;"
(fontspec)             - 'bold small caps'  (b/sc) with NFSS spec.: 
(fontspec)             and font adjustment code:
(fontspec)             \__um_luatex_copy_fontdimens: 

LaTeX Font Info:    Font shape `TU/latinmodern-math.otf(0)/m/n' will be
(Font)              scaled to size 12.18094pt on input line 102.

Package fontspec Info: latinmodern-math scale = 1.21809382534226.


Package fontspec Info: latinmodern-math scale = 1.21809382534226.


Package fontspec Info: latinmodern-math scale = 1.21809382534226.


Package fontspec Info: latinmodern-math scale = 1.21809382534226.


Package fontspec Info: latinmodern-math scale = 1.21809382534226.


Package fontspec Info: Font family 'latinmodern-math.otf(1)' created for font
(fontspec)             'latinmodern-math.otf' with options
(fontspec)             [Scale=MatchLowercase,Renderer=Basic,BoldItalicFont={},ItalicFont={},SmallCapsFont={},Script=Math,SizeFeatures={{Size=8.5-},{Size=6-8.5,Font=latinmodern-math.otf,Style=MathScript},{Size=-6,Font=latinmodern-math.otf,Style=MathScriptScript}},FontAdjustment={\__um_luatex_copy_fontdimens:
(fontspec)             },BoldFont={latinmodern-math.otf}].
(fontspec)              
(fontspec)              This font family consists of the following NFSS
(fontspec)             series/shapes:
(fontspec)              
(fontspec)             - 'normal' (m/n) with NFSS spec.:
(fontspec)             <8.5->s*[1.21809382534226]"[latinmodern-math.otf]:mode=base;script=math;language=dflt;"<6-8.5>s*[1.21809382534226]"[latinmodern-math.otf]:mode=base;script=math;language=dflt;+ssty=0;"<-6>s*[1.21809382534226]"[latinmodern-math.otf]:mode=base;script=math;language=dflt;+ssty=1;"
(fontspec)             - 'small caps'  (m/sc) with NFSS spec.: 
(fontspec)             and font adjustment code:
(fontspec)             \__um_luatex_copy_fontdimens: 
(fontspec)             - 'bold' (b/n) with NFSS spec.:
(fontspec)             <->s*[1.21809382534226]"[latinmodern-math.otf]:mode=base;script=math;language=dflt;"
(fontspec)             - 'bold small caps'  (b/sc) with NFSS spec.: 
(fontspec)             and font adjustment code:
(fontspec)             \__um_luatex_copy_fontdimens: 

LaTeX Font Info:    Font shape `TU/latinmodern-math.otf(1)/m/n' will be
(Font)              scaled to size 12.18094pt on input line 102.
LaTeX Font Info:    Encoding `OT1' has changed to `TU' for symbol font
(Font)              `operators' in the math version `normal' on input line 102.
LaTeX Font Info:    Overwriting symbol font `operators' in version `normal'
(Font)                  OT1/lmr/m/n --> TU/latinmodern-math.otf(1)/m/n on input line 102.
LaTeX Font Info:    Encoding `OT1' has changed to `TU' for symbol font
(Font)              `operators' in the math version `bold' on input line 102.
LaTeX Font Info:    Overwriting symbol font `operators' in version `bold'
(Font)                  OT1/lmr/bx/n --> TU/latinmodern-math.otf(1)/b/n on input line 102.

Package fontspec Info: latinmodern-math scale = 1.21809382534226.


Package fontspec Info: latinmodern-math scale = 1.218215634724794.


Package fontspec Info: latinmodern-math scale = 1.21809382534226.


Package fontspec Info: latinmodern-math scale = 1.218215634724794.


Package fontspec Info: latinmodern-math scale = 1.21809382534226.


Package fontspec Info: latinmodern-math scale = 1.218215634724794.


Package fontspec Info: latinmodern-math scale = 1.21809382534226.


Package fontspec Info: latinmodern-math scale = 1.218215634724794.


Package fontspec Info: latinmodern-math scale = 1.21809382534226.


Package fontspec Info: latinmodern-math scale = 1.218215634724794.


Package fontspec Info: Font family 'latinmodern-math.otf(2)' created for font
(fontspec)             'latinmodern-math.otf' with options
(fontspec)             [Scale=MatchLowercase,Renderer=Basic,BoldItalicFont={},ItalicFont={},SmallCapsFont={},Script=Math,SizeFeatures={{Size=8.5-},{Size=6-8.5,Font=latinmodern-math.otf,Style=MathScript},{Size=-6,Font=latinmodern-math.otf,Style=MathScriptScript}},FontAdjustment={\__um_luatex_copy_fontdimens:
(fontspec)             },BoldFont={latinmodern-math.otf},ScaleAgain=1.0001,FontAdjustment={\fontdimen
(fontspec)             8\font =8.24649pt\relax \fontdimen 9\font
(fontspec)             =4.79929pt\relax \fontdimen 10\font =5.40833pt\relax
(fontspec)             \fontdimen 11\font =8.35611pt\relax \fontdimen 12\font
(fontspec)             =4.20242pt\relax \fontdimen 13\font =4.42168pt\relax
(fontspec)             \fontdimen 14\font =4.42168pt\relax \fontdimen 15\font
(fontspec)             =3.52028pt\relax \fontdimen 16\font =3.00868pt\relax
(fontspec)             \fontdimen 17\font =3.00868pt\relax \fontdimen 18\font
(fontspec)             =3.04523pt\relax \fontdimen 19\font =2.43619pt\relax
(fontspec)             \fontdimen 22\font =3.04523pt\relax \fontdimen 20\font
(fontspec)             =0pt\relax \fontdimen 21\font =0pt\relax }].
(fontspec)              
(fontspec)              This font family consists of the following NFSS
(fontspec)             series/shapes:
(fontspec)              
(fontspec)             - 'normal' (m/n) with NFSS spec.:
(fontspec)             <8.5->s*[1.218215634724794]"[latinmodern-math.otf]:mode=base;script=math;language=dflt;"<6-8.5>s*[1.218215634724794]"[latinmodern-math.otf]:mode=base;script=math;language=dflt;+ssty=0;"<-6>s*[1.218215634724794]"[latinmodern-math.otf]:mode=base;script=math;language=dflt;+ssty=1;"
(fontspec)             - 'small caps'  (m/sc) with NFSS spec.: 
(fontspec)             and font adjustment code:
(fontspec)             \__um_luatex_copy_fontdimens: \fontdimen 8\font
(fontspec)             =8.24649pt\relax \fontdimen 9\font =4.79929pt\relax
(fontspec)             \fontdimen 10\font =5.40833pt\relax \fontdimen 11\font
(fontspec)             =8.35611pt\relax \fontdimen 12\font =4.20242pt\relax
(fontspec)             \fontdimen 13\font =4.42168pt\relax \fontdimen 14\font
(fontspec)             =4.42168pt\relax \fontdimen 15\font =3.52028pt\relax
(fontspec)             \fontdimen 16\font =3.00868pt\relax \fontdimen 17\font
(fontspec)             =3.00868pt\relax \fontdimen 18\font =3.04523pt\relax
(fontspec)             \fontdimen 19\font =2.43619pt\relax \fontdimen 22\font
(fontspec)             =3.04523pt\relax \fontdimen 20\font =0pt\relax
(fontspec)             \fontdimen 21\font =0pt\relax 
(fontspec)             - 'bold' (b/n) with NFSS spec.:
(fontspec)             <->s*[1.218215634724794]"[latinmodern-math.otf]:mode=base;script=math;language=dflt;"
(fontspec)             - 'bold small caps'  (b/sc) with NFSS spec.: 
(fontspec)             and font adjustment code:
(fontspec)             \__um_luatex_copy_fontdimens: \fontdimen 8\font
(fontspec)             =8.24649pt\relax \fontdimen 9\font =4.79929pt\relax
(fontspec)             \fontdimen 10\font =5.40833pt\relax \fontdimen 11\font
(fontspec)             =8.35611pt\relax \fontdimen 12\font =4.20242pt\relax
(fontspec)             \fontdimen 13\font =4.42168pt\relax \fontdimen 14\font
(fontspec)             =4.42168pt\relax \fontdimen 15\font =3.52028pt\relax
(fontspec)             \fontdimen 16\font =3.00868pt\relax \fontdimen 17\font
(fontspec)             =3.00868pt\relax \fontdimen 18\font =3.04523pt\relax
(fontspec)             \fontdimen 19\font =2.43619pt\relax \fontdimen 22\font
(fontspec)             =3.04523pt\relax \fontdimen 20\font =0pt\relax
(fontspec)             \fontdimen 21\font =0pt\relax 

LaTeX Font Info:    Encoding `OMS' has changed to `TU' for symbol font
(Font)              `symbols' in the math version `normal' on input line 102.
LaTeX Font Info:    Overwriting symbol font `symbols' in version `normal'
(Font)                  OMS/lmsy/m/n --> TU/latinmodern-math.otf(2)/m/n on input line 102.
LaTeX Font Info:    Encoding `OMS' has changed to `TU' for symbol font
(Font)              `symbols' in the math version `bold' on input line 102.
LaTeX Font Info:    Overwriting symbol font `symbols' in version `bold'
(Font)                  OMS/lmsy/b/n --> TU/latinmodern-math.otf(2)/b/n on input line 102.

Package fontspec Info: latinmodern-math scale = 1.21809382534226.


Package fontspec Info: latinmodern-math scale = 1.217972015959726.


Package fontspec Info: latinmodern-math scale = 1.21809382534226.


Package fontspec Info: latinmodern-math scale = 1.217972015959726.


Package fontspec Info: latinmodern-math scale = 1.21809382534226.


Package fontspec Info: latinmodern-math scale = 1.217972015959726.


Package fontspec Info: latinmodern-math scale = 1.21809382534226.


Package fontspec Info: latinmodern-math scale = 1.217972015959726.


Package fontspec Info: latinmodern-math scale = 1.21809382534226.


Package fontspec Info: latinmodern-math scale = 1.217972015959726.


Package fontspec Info: Font family 'latinmodern-math.otf(3)' created for font
(fontspec)             'latinmodern-math.otf' with options
(fontspec)             [Scale=MatchLowercase,Renderer=Basic,BoldItalicFont={},ItalicFont={},SmallCapsFont={},Script=Math,SizeFeatures={{Size=8.5-},{Size=6-8.5,Font=latinmodern-math.otf,Style=MathScript},{Size=-6,Font=latinmodern-math.otf,Style=MathScriptScript}},FontAdjustment={\__um_luatex_copy_fontdimens:
(fontspec)             },BoldFont={latinmodern-math.otf},ScaleAgain=0.9999,FontAdjustment={\fontdimen
(fontspec)             8\font =0.48723pt\relax \fontdimen 9\font
(fontspec)             =2.43619pt\relax \fontdimen 10\font =2.03421pt\relax
(fontspec)             \fontdimen 11\font =1.35208pt\relax \fontdimen 12\font
(fontspec)             =7.30856pt\relax \fontdimen 13\font =0pt\relax }].
(fontspec)              
(fontspec)              This font family consists of the following NFSS
(fontspec)             series/shapes:
(fontspec)              
(fontspec)             - 'normal' (m/n) with NFSS spec.:
(fontspec)             <8.5->s*[1.217972015959726]"[latinmodern-math.otf]:mode=base;script=math;language=dflt;"<6-8.5>s*[1.217972015959726]"[latinmodern-math.otf]:mode=base;script=math;language=dflt;+ssty=0;"<-6>s*[1.217972015959726]"[latinmodern-math.otf]:mode=base;script=math;language=dflt;+ssty=1;"
(fontspec)             - 'small caps'  (m/sc) with NFSS spec.: 
(fontspec)             and font adjustment code:
(fontspec)             \__um_luatex_copy_fontdimens: \fontdimen 8\font
(fontspec)             =0.48723pt\relax \fontdimen 9\font =2.43619pt\relax
(fontspec)             \fontdimen 10\font =2.03421pt\relax \fontdimen 11\font
(fontspec)             =1.35208pt\relax \fontdimen 12\font =7.30856pt\relax
(fontspec)             \fontdimen 13\font =0pt\relax 
(fontspec)             - 'bold' (b/n) with NFSS spec.:
(fontspec)             <->s*[1.217972015959726]"[latinmodern-math.otf]:mode=base;script=math;language=dflt;"
(fontspec)             - 'bold small caps'  (b/sc) with NFSS spec.: 
(fontspec)             and font adjustment code:
(fontspec)             \__um_luatex_copy_fontdimens: \fontdimen 8\font
(fontspec)             =0.48723pt\relax \fontdimen 9\font =2.43619pt\relax
(fontspec)             \fontdimen 10\font =2.03421pt\relax \fontdimen 11\font
(fontspec)             =1.35208pt\relax \fontdimen 12\font =7.30856pt\relax
(fontspec)             \fontdimen 13\font =0pt\relax 

LaTeX Font Info:    Encoding `OMX' has changed to `TU' for symbol font
(Font)              `largesymbols' in the math version `normal' on input line 102.
LaTeX Font Info:    Overwriting symbol font `largesymbols' in version `normal'
(Font)                  OMX/lmex/m/n --> TU/latinmodern-math.otf(3)/m/n on input line 102.
LaTeX Font Info:    Encoding `OMX' has changed to `TU' for symbol font
(Font)              `largesymbols' in the math version `bold' on input line 102.
LaTeX Font Info:    Overwriting symbol font `largesymbols' in version `bold'
(Font)                  OMX/lmex/m/n --> TU/latinmodern-math.otf(3)/b/n on input line 102.
LaTeX Font Info:    Font shape `TU/latinmodern-math.otf(1)/m/n' will be
(Font)              scaled to size 8.52666pt on input line 102.
LaTeX Font Info:    Font shape `TU/latinmodern-math.otf(1)/m/n' will be
(Font)              scaled to size 6.09047pt on input line 102.
LaTeX Font Info:    Trying to load font information for OML+lmm on input line 102.
(/Users/lore/Library/TinyTeX/texmf-dist/tex/latex/lm/omllmm.fd
File: omllmm.fd 2015/05/01 v1.6.1 Font defs for Latin Modern
)
LaTeX Font Info:    Font shape `TU/latinmodern-math.otf(2)/m/n' will be
(Font)              scaled to size 12.18216pt on input line 102.
LaTeX Font Info:    Font shape `TU/latinmodern-math.otf(2)/m/n' will be
(Font)              scaled to size 8.52751pt on input line 102.
LaTeX Font Info:    Font shape `TU/latinmodern-math.otf(2)/m/n' will be
(Font)              scaled to size 6.09108pt on input line 102.
LaTeX Font Info:    Font shape `TU/latinmodern-math.otf(3)/m/n' will be
(Font)              scaled to size 12.17972pt on input line 102.
LaTeX Font Info:    Font shape `TU/latinmodern-math.otf(3)/m/n' will be
(Font)              scaled to size 8.5258pt on input line 102.
LaTeX Font Info:    Font shape `TU/latinmodern-math.otf(3)/m/n' will be
(Font)              scaled to size 6.08986pt on input line 102.
LaTeX Font Info:    Trying to load font information for U+msa on input line 102.
(/Users/lore/Library/TinyTeX/texmf-dist/tex/latex/amsfonts/umsa.fd
File: umsa.fd 2013/01/14 v3.01 AMS symbols A
)
LaTeX Font Info:    Trying to load font information for U+msb on input line 102.
(/Users/lore/Library/TinyTeX/texmf-dist/tex/latex/amsfonts/umsb.fd
File: umsb.fd 2013/01/14 v3.01 AMS symbols B
) (/Users/lore/Library/TinyTeX/texmf-dist/tex/latex/epstopdf-pkg/epstopdf-base.sty
Package: epstopdf-base 2020-01-24 v2.11 Base part for package epstopdf
Package epstopdf-base Info: Redefining graphics rule for `.eps' on input line 485.
(/Users/lore/Library/TinyTeX/texmf-dist/tex/latex/latexconfig/epstopdf-sys.cfg
File: epstopdf-sys.cfg 2010/07/13 v1.3 Configuration of (r)epstopdf for TeX Live
))
Package hyperref Info: Link coloring ON on input line 102.
(/Users/lore/Library/TinyTeX/texmf-dist/tex/latex/hyperref/nameref.sty
Package: nameref 2021-04-02 v2.47 Cross-referencing by name of section
(/Users/lore/Library/TinyTeX/texmf-dist/tex/latex/refcount/refcount.sty
Package: refcount 2019/12/15 v3.6 Data extraction from label references (HO)
) (/Users/lore/Library/TinyTeX/texmf-dist/tex/generic/gettitlestring/gettitlestring.sty
Package: gettitlestring 2019/12/15 v1.6 Cleanup title references (HO)
)
\c@section@level=\count314
)
LaTeX Info: Redefining \ref on input line 102.
LaTeX Info: Redefining \pageref on input line 102.
LaTeX Info: Redefining \nameref on input line 102.
(./timor_report.out) (./timor_report.out)
\@outlinefile=\write3

\openout3 = timor_report.out
*geometry* driver: auto-detecting
*geometry* detected driver: luatex
*geometry* verbose mode - [ preamble ] result:
* driver: luatex
* paper: <default>
* layout: <same size as paper>
* layoutoffset:(h,v)=(0.0pt,0.0pt)
* modes: 
* h-part:(L,W,R)=(85.35826pt, 443.57848pt, 85.35826pt)
* v-part:(T,H,B)=(56.9055pt, 681.15898pt, 56.9055pt)
* \paperwidth=614.295pt
* \paperheight=794.96999pt
* \textwidth=443.57848pt
* \textheight=681.15898pt
* \oddsidemargin=13.08827pt
* \evensidemargin=13.08827pt
* \topmargin=-52.36449pt
* \headheight=12.0pt
* \headsep=25.0pt
* \topskip=10.0pt
* \footskip=30.0pt
* \marginparwidth=65.0pt
* \marginparsep=11.0pt
* \columnsep=10.0pt
* \skip\footins=9.0pt plus 4.0pt minus 2.0pt
* \hoffset=0.0pt
* \voffset=0.0pt
* \mag=1000
* \@twocolumnfalse
* \@twosidefalse
* \@mparswitchfalse
* \@reversemarginfalse
* (1in=72.27pt=25.4mm, 1cm=28.453pt)

Package caption Info: Begin \AtBeginDocument code.
Package caption Info: End \AtBeginDocument code.
LaTeX Font Info:    Font shape `TU/Montserrat(0)/m/n' will be
(Font)              scaled to size 17.28pt on input line 104.
LaTeX Font Info:    Font shape `TU/Montserrat(0)/m/n' will be
(Font)              scaled to size 12.0pt on input line 104.
LaTeX Font Info:    Font shape `TU/latinmodern-math.otf(1)/m/n' will be
(Font)              scaled to size 14.61713pt on input line 104.
LaTeX Font Info:    Font shape `TU/latinmodern-math.otf(1)/m/n' will be
(Font)              scaled to size 9.74475pt on input line 104.
LaTeX Font Info:    Font shape `TU/latinmodern-math.otf(1)/m/n' will be
(Font)              scaled to size 7.30856pt on input line 104.
LaTeX Font Info:    Font shape `TU/latinmodern-math.otf(2)/m/n' will be
(Font)              scaled to size 14.61859pt on input line 104.
LaTeX Font Info:    Font shape `TU/latinmodern-math.otf(2)/m/n' will be
(Font)              scaled to size 9.74573pt on input line 104.
LaTeX Font Info:    Font shape `TU/latinmodern-math.otf(2)/m/n' will be
(Font)              scaled to size 7.3093pt on input line 104.
LaTeX Font Info:    Font shape `TU/latinmodern-math.otf(3)/m/n' will be
(Font)              scaled to size 14.61566pt on input line 104.
LaTeX Font Info:    Font shape `TU/latinmodern-math.otf(3)/m/n' will be
(Font)              scaled to size 9.74377pt on input line 104.
LaTeX Font Info:    Font shape `TU/latinmodern-math.otf(3)/m/n' will be
(Font)              scaled to size 7.30783pt on input line 104.
LaTeX Font Info:    Font shape `TU/Montserrat(0)/b/n' will be
(Font)              scaled to size 10.0pt on input line 105.
LaTeX Font Info:    Font shape `TU/Montserrat(0)/m/n' will be
(Font)              scaled to size 7.0pt on input line 107.
LaTeX Font Info:    Font shape `TU/Montserrat(0)/m/n' will be
(Font)              scaled to size 14.4pt on input line 111.
LaTeX Font Info:    Font shape `TU/Montserrat(0)/b/n' will be
(Font)              scaled to size 14.4pt on input line 111.
(./timor_report.toc [1

{/Users/lore/Library/TinyTeX/texmf-var/fonts/map/pdftex/updmap/pdftex.map}])
\tf@toc=\write4

\openout4 = timor_report.toc
[2] [3]
Underfull \hbox (badness 1009) in paragraph at lines 167--169
\TU/Montserrat(0)/m/n/10 fish  are mo-bile and mostly in-vis-i-ble (un-der-wa-ter),  so  man-age-ment  re-lies  prin-
 []


Underfull \hbox (badness 1424) in paragraph at lines 170--172
\TU/Montserrat(0)/m/n/10 De-spite the formidable eco-nomic, so-cial and ge-o-graph-i-cal bar-ri-ers that small-scale
 []


Underfull \hbox (badness 1052) in paragraph at lines 170--172
\TU/Montserrat(0)/m/n/10 com-mu-ni-ties in Bangladesh through dig-i-tal fi-nan-cial in-clu-sion [][](FAO and World-Fish,
 []


Underfull \hbox (badness 10000) in paragraph at lines 170--172

 []

[4]
Underfull \hbox (badness 10000) in paragraph at lines 173--174

 []

[5] [6]
<timor_maps/timor_map.png, id=213, 453.695pt x 320.19624pt>
File: timor_maps/timor_map.png Graphic file (type png)
<use timor_maps/timor_map.png>
Package luatex.def Info: timor_maps/timor_map.png  used on input line 194.
(luatex.def)             Requested size: 453.7008pt x 320.20033pt.

Overfull \hbox (10.12233pt too wide) in paragraph at lines 194--195
[][]
 []


Underfull \hbox (badness 10000) in paragraph at lines 194--195

 []

LaTeX Font Info:    Font shape `TU/Montserrat(0)/m/n' will be
(Font)              scaled to size 8.0pt on input line 196.
LaTeX Font Info:    Font shape `TU/Montserrat(0)/b/n' will be
(Font)              scaled to size 8.0pt on input line 196.
<timor_maps/timor_temp_rain.png, id=214, 453.695pt x 310.15875pt>
File: timor_maps/timor_temp_rain.png Graphic file (type png)
<use timor_maps/timor_temp_rain.png>
Package luatex.def Info: timor_maps/timor_temp_rain.png  used on input line 203.
(luatex.def)             Requested size: 453.6939pt x 310.15799pt.

Overfull \hbox (10.11542pt too wide) in paragraph at lines 203--204
[][]
 []


Underfull \hbox (badness 10000) in paragraph at lines 203--204

 []

[7<./timor_maps/timor_map.png>]
<timor_maps/timor_bat.png, id=220, 453.695pt x 271.0125pt>
File: timor_maps/timor_bat.png Graphic file (type png)
<use timor_maps/timor_bat.png>
Package luatex.def Info: timor_maps/timor_bat.png  used on input line 212.
(luatex.def)             Requested size: 453.70773pt x 271.0201pt.

Overfull \hbox (10.12926pt too wide) in paragraph at lines 212--213
[][]
 []


Underfull \hbox (badness 10000) in paragraph at lines 212--213

 []

[8<./timor_maps/timor_temp_rain.png>]
<timor_maps/timor_muni.png, id=226, 453.695pt x 213.79875pt>
File: timor_maps/timor_muni.png Graphic file (type png)
<use timor_maps/timor_muni.png>
Package luatex.def Info: timor_maps/timor_muni.png  used on input line 221.
(luatex.def)             Requested size: 453.6939pt x 213.79822pt.

Overfull \hbox (10.11542pt too wide) in paragraph at lines 221--222
[][]
 []


Underfull \hbox (badness 10000) in paragraph at lines 221--222

 []

LaTeX Font Info:    Font shape `TU/Montserrat(0)/b/n' will be
(Font)              scaled to size 12.0pt on input line 230.
[9<./timor_maps/timor_bat.png><./timor_maps/timor_muni.png>] [10] [11]
</Users/lore/My Drive/WorldFish/timor.report/inst/timor_report_files/figure-latex/IRIGearGroups-1.pdf, id=255, 650.43pt x 361.35pt>
File: /Users/lore/My Drive/WorldFish/timor.report/inst/timor_report_files/figure-latex/IRIGearGroups-1.pdf Graphic file (type pdf)
<use /Users/lore/My Drive/WorldFish/timor.report/inst/timor_report_files/figure-latex/IRIGearGroups-1.pdf>
Package luatex.def Info: /Users/lore/My Drive/WorldFish/timor.report/inst/timor_report_files/figure-latex/IRIGearGroups-1.pdf  used on input line 365.
(luatex.def)             Requested size: 443.58669pt x 246.43704pt.
[12</Users/lore/My Drive/WorldFish/timor.report/inst/timor_report_files/figure-latex/IRIGearGroups-1.pdf>]
<timor_maps/spatial_effort.png, id=274, 453.695pt x 205.76875pt>
File: timor_maps/spatial_effort.png Graphic file (type png)
<use timor_maps/spatial_effort.png>
Package luatex.def Info: timor_maps/spatial_effort.png  used on input line 381.
(luatex.def)             Requested size: 453.6939pt x 205.76823pt.

Overfull \hbox (10.11542pt too wide) in paragraph at lines 381--382
[][]
 []


Underfull \hbox (badness 10000) in paragraph at lines 381--382

 []

LaTeX Font Info:    Font shape `TU/Montserrat(0)/m/n' will be
(Font)              scaled to size 5.0pt on input line 392.
[13<./timor_maps/spatial_effort.png>]
</Users/lore/My Drive/WorldFish/timor.report/inst/timor_report_files/figure-latex/TripEffort-1.pdf, id=287, 469.755pt x 505.89pt>
File: /Users/lore/My Drive/WorldFish/timor.report/inst/timor_report_files/figure-latex/TripEffort-1.pdf Graphic file (type pdf)
<use /Users/lore/My Drive/WorldFish/timor.report/inst/timor_report_files/figure-latex/TripEffort-1.pdf>
Package luatex.def Info: /Users/lore/My Drive/WorldFish/timor.report/inst/timor_report_files/figure-latex/TripEffort-1.pdf  used on input line 409.
(luatex.def)             Requested size: 443.57677pt x 477.69804pt.
[14] [15</Users/lore/My Drive/WorldFish/timor.report/inst/timor_report_files/figure-latex/TripEffort-1.pdf>]
</Users/lore/My Drive/WorldFish/timor.report/inst/timor_report_files/figure-latex/CatchEffort-1.pdf, id=309, 469.755pt x 505.89pt>
File: /Users/lore/My Drive/WorldFish/timor.report/inst/timor_report_files/figure-latex/CatchEffort-1.pdf Graphic file (type pdf)
<use /Users/lore/My Drive/WorldFish/timor.report/inst/timor_report_files/figure-latex/CatchEffort-1.pdf>
Package luatex.def Info: /Users/lore/My Drive/WorldFish/timor.report/inst/timor_report_files/figure-latex/CatchEffort-1.pdf  used on input line 424.
(luatex.def)             Requested size: 443.57677pt x 477.69804pt.
[16</Users/lore/My Drive/WorldFish/timor.report/inst/timor_report_files/figure-latex/CatchEffort-1.pdf>]
Underfull \hbox (badness 10000) in paragraph at lines 437--439

 []

</Users/lore/My Drive/WorldFish/timor.report/inst/timor_report_files/figure-latex/IRIFishGroups-1.pdf, id=328, 650.43pt x 361.35pt>
File: /Users/lore/My Drive/WorldFish/timor.report/inst/timor_report_files/figure-latex/IRIFishGroups-1.pdf Graphic file (type pdf)
<use /Users/lore/My Drive/WorldFish/timor.report/inst/timor_report_files/figure-latex/IRIFishGroups-1.pdf>
Package luatex.def Info: /Users/lore/My Drive/WorldFish/timor.report/inst/timor_report_files/figure-latex/IRIFishGroups-1.pdf  used on input line 449.
(luatex.def)             Requested size: 443.58669pt x 246.43704pt.
[17]
</Users/lore/My Drive/WorldFish/timor.report/inst/timor_report_files/figure-latex/IRIFishGear-1.pdf, id=337, 650.43pt x 578.16pt>
File: /Users/lore/My Drive/WorldFish/timor.report/inst/timor_report_files/figure-latex/IRIFishGear-1.pdf Graphic file (type pdf)
<use /Users/lore/My Drive/WorldFish/timor.report/inst/timor_report_files/figure-latex/IRIFishGear-1.pdf>
Package luatex.def Info: /Users/lore/My Drive/WorldFish/timor.report/inst/timor_report_files/figure-latex/IRIFishGear-1.pdf  used on input line 462.
(luatex.def)             Requested size: 443.58669pt x 394.29927pt.
[18</Users/lore/My Drive/WorldFish/timor.report/inst/timor_report_files/figure-latex/IRIFishGroups-1.pdf>]
</Users/lore/My Drive/WorldFish/timor.report/inst/timor_report_files/figure-latex/LengthArea-1.pdf, id=351, 433.62pt x 433.62pt>
File: /Users/lore/My Drive/WorldFish/timor.report/inst/timor_report_files/figure-latex/LengthArea-1.pdf Graphic file (type pdf)
<use /Users/lore/My Drive/WorldFish/timor.report/inst/timor_report_files/figure-latex/LengthArea-1.pdf>
Package luatex.def Info: /Users/lore/My Drive/WorldFish/timor.report/inst/timor_report_files/figure-latex/LengthArea-1.pdf  used on input line 475.
(luatex.def)             Requested size: 433.63878pt x 433.63878pt.
[19</Users/lore/My Drive/WorldFish/timor.report/inst/timor_report_files/figure-latex/IRIFishGear-1.pdf>]

LaTeX Warning: Reference `fig:MonthlyCatch' on page 20 undefined on input line 484.

[20</Users/lore/My Drive/WorldFish/timor.report/inst/timor_report_files/figure-latex/LengthArea-1.pdf>]
Underfull \hbox (badness 10000) in paragraph at lines 488--489

 []

</Users/lore/My Drive/WorldFish/timor.report/inst/timor_report_files/figure-latex/WeekTrips-1.pdf, id=389, 325.215pt x 361.35pt>
File: /Users/lore/My Drive/WorldFish/timor.report/inst/timor_report_files/figure-latex/WeekTrips-1.pdf Graphic file (type pdf)
<use /Users/lore/My Drive/WorldFish/timor.report/inst/timor_report_files/figure-latex/WeekTrips-1.pdf>
Package luatex.def Info: /Users/lore/My Drive/WorldFish/timor.report/inst/timor_report_files/figure-latex/WeekTrips-1.pdf  used on input line 505.
(luatex.def)             Requested size: 325.2142pt x 361.34912pt.
[21]
</Users/lore/My Drive/WorldFish/timor.report/inst/timor_report_files/figure-latex/WeekCatch-1.pdf, id=402, 325.215pt x 361.35pt>
File: /Users/lore/My Drive/WorldFish/timor.report/inst/timor_report_files/figure-latex/WeekCatch-1.pdf Graphic file (type pdf)
<use /Users/lore/My Drive/WorldFish/timor.report/inst/timor_report_files/figure-latex/WeekCatch-1.pdf>
Package luatex.def Info: /Users/lore/My Drive/WorldFish/timor.report/inst/timor_report_files/figure-latex/WeekCatch-1.pdf  used on input line 513.
(luatex.def)             Requested size: 325.2142pt x 361.34912pt.
[22</Users/lore/My Drive/WorldFish/timor.report/inst/timor_report_files/figure-latex/WeekTrips-1.pdf>] [23</Users/lore/My Drive/WorldFish/timor.report/inst/timor_report_files/figure-latex/WeekCatch-1.pdf>]
</Users/lore/My Drive/WorldFish/timor.report/inst/timor_report_files/figure-latex/Usage-1.pdf, id=436, 433.62pt x 542.025pt>
File: /Users/lore/My Drive/WorldFish/timor.report/inst/timor_report_files/figure-latex/Usage-1.pdf Graphic file (type pdf)
<use /Users/lore/My Drive/WorldFish/timor.report/inst/timor_report_files/figure-latex/Usage-1.pdf>
Package luatex.def Info: /Users/lore/My Drive/WorldFish/timor.report/inst/timor_report_files/figure-latex/Usage-1.pdf  used on input line 535.
(luatex.def)             Requested size: 433.63217pt x 542.0402pt.
[24]
</Users/lore/My Drive/WorldFish/timor.report/inst/timor_report_files/figure-latex/UsageProp-1.pdf, id=445, 578.16pt x 650.43pt>
File: /Users/lore/My Drive/WorldFish/timor.report/inst/timor_report_files/figure-latex/UsageProp-1.pdf Graphic file (type pdf)
<use /Users/lore/My Drive/WorldFish/timor.report/inst/timor_report_files/figure-latex/UsageProp-1.pdf>
Package luatex.def Info: /Users/lore/My Drive/WorldFish/timor.report/inst/timor_report_files/figure-latex/UsageProp-1.pdf  used on input line 543.
(luatex.def)             Requested size: 443.57896pt x 499.02634pt.
[25</Users/lore/My Drive/WorldFish/timor.report/inst/timor_report_files/figure-latex/Usage-1.pdf>]
</Users/lore/My Drive/WorldFish/timor.report/inst/timor_report_files/figure-latex/LengthUsage-1.pdf, id=459, 469.755pt x 433.62pt>
File: /Users/lore/My Drive/WorldFish/timor.report/inst/timor_report_files/figure-latex/LengthUsage-1.pdf Graphic file (type pdf)
<use /Users/lore/My Drive/WorldFish/timor.report/inst/timor_report_files/figure-latex/LengthUsage-1.pdf>
Package luatex.def Info: /Users/lore/My Drive/WorldFish/timor.report/inst/timor_report_files/figure-latex/LengthUsage-1.pdf  used on input line 551.
(luatex.def)             Requested size: 443.57677pt x 409.45547pt.
[26</Users/lore/My Drive/WorldFish/timor.report/inst/timor_report_files/figure-latex/UsageProp-1.pdf>] [27</Users/lore/My Drive/WorldFish/timor.report/inst/timor_report_files/figure-latex/LengthUsage-1.pdf>]
</Users/lore/My Drive/WorldFish/timor.report/inst/timor_report_files/figure-latex/MarketValue-1.pdf, id=486, 469.755pt x 252.945pt>
File: /Users/lore/My Drive/WorldFish/timor.report/inst/timor_report_files/figure-latex/MarketValue-1.pdf Graphic file (type pdf)
<use /Users/lore/My Drive/WorldFish/timor.report/inst/timor_report_files/figure-latex/MarketValue-1.pdf>
Package luatex.def Info: /Users/lore/My Drive/WorldFish/timor.report/inst/timor_report_files/figure-latex/MarketValue-1.pdf  used on input line 574.
(luatex.def)             Requested size: 443.57677pt x 238.84903pt.
</Users/lore/My Drive/WorldFish/timor.report/inst/timor_report_files/figure-latex/ValueGear-1.pdf, id=487, 469.755pt x 361.35pt>
File: /Users/lore/My Drive/WorldFish/timor.report/inst/timor_report_files/figure-latex/ValueGear-1.pdf Graphic file (type pdf)
<use /Users/lore/My Drive/WorldFish/timor.report/inst/timor_report_files/figure-latex/ValueGear-1.pdf>
Package luatex.def Info: /Users/lore/My Drive/WorldFish/timor.report/inst/timor_report_files/figure-latex/ValueGear-1.pdf  used on input line 582.
(luatex.def)             Requested size: 443.57677pt x 341.2129pt.
[28</Users/lore/My Drive/WorldFish/timor.report/inst/timor_report_files/figure-latex/MarketValue-1.pdf>]
</Users/lore/My Drive/WorldFish/timor.report/inst/timor_report_files/figure-latex/ValueFish-1.pdf, id=503, 505.89pt x 578.16pt>
File: /Users/lore/My Drive/WorldFish/timor.report/inst/timor_report_files/figure-latex/ValueFish-1.pdf Graphic file (type pdf)
<use /Users/lore/My Drive/WorldFish/timor.report/inst/timor_report_files/figure-latex/ValueFish-1.pdf>
Package luatex.def Info: /Users/lore/My Drive/WorldFish/timor.report/inst/timor_report_files/figure-latex/ValueFish-1.pdf  used on input line 590.
(luatex.def)             Requested size: 443.58667pt x 506.95622pt.
[29</Users/lore/My Drive/WorldFish/timor.report/inst/timor_report_files/figure-latex/ValueGear-1.pdf>] [30</Users/lore/My Drive/WorldFish/timor.report/inst/timor_report_files/figure-latex/ValueFish-1.pdf>] [31] [32]
Underfull \hbox (badness 10000) in paragraph at lines 615--616

 []

[33] (./timor_report.aux)

LaTeX Warning: There were undefined references.

Package rerunfilecheck Info: File `timor_report.out' has not changed.
(rerunfilecheck)             Checksum: E7FD76DDF7941D08B30A7A965EC78EE5;3672.
)

Here is how much of LuaTeX's memory you used:
 20497 strings out of 477800
 100000,953878 words of node,token memory allocated
 786 words of node memory still in use:
   6 hlist, 2 vlist, 2 rule, 2 glue, 4 kern, 1 glyph, 32 attribute, 62 glue_spec, 32 attribute_list, 1 write, 1 user_defined, 24 pdf_action nodes
   avail lists: 1:1,2:1297,3:458,4:177,5:1534,6:201,7:9226,8:57,9:1167,10:26,11:606
 40282 multiletter control sequences out of 65536+600000
 86 fonts using 27824215 bytes
 86i,7n,122p,2935b,464s stack positions out of 5000i,500n,10000p,200000b,80000s
</Users/lore/Library/TinyTeX/texmf-dist/fonts/opentype/public/lm-math/latinmodern-math.otf></Users/lore/Library/TinyTeX/texmf-dist/fonts/opentype/public/montserrat/Montserrat-Bold.otf></Users/lore/Library/TinyTeX/texmf-dist/fonts/opentype/public/montserrat/Montserrat-Regular.otf>
Output written on timor_report.pdf (33 pages, 3648845 bytes).

PDF statistics: 605 PDF objects out of 1000 (max. 8388607)
 517 compressed objects within 6 object streams
 104 named destinations out of 1000 (max. 131072)
 193 words of extra memory for PDF output out of 10000 (max. 100000000)

